<?xml version="1.0" encoding="UTF-8" ?>
<testsuite tests="4" failures="1" name="TestSuite" time="49.963" errors="0" skipped="3">
  <properties>
    <property name="java.runtime.name" value="Java(TM) SE Runtime Environment"/>
    <property name="sun.boot.library.path" value="C:\Program Files\Java\jre1.8.0_25\bin"/>
    <property name="java.vm.version" value="25.25-b02"/>
    <property name="java.vm.vendor" value="Oracle Corporation"/>
    <property name="java.vendor.url" value="http://java.oracle.com/"/>
    <property name="path.separator" value=";"/>
    <property name="guice.disable.misplaced.annotation.check" value="true"/>
    <property name="java.vm.name" value="Java HotSpot(TM) 64-Bit Server VM"/>
    <property name="file.encoding.pkg" value="sun.io"/>
    <property name="user.script" value=""/>
    <property name="user.country" value="US"/>
    <property name="sun.java.launcher" value="SUN_STANDARD"/>
    <property name="sun.os.patch.level" value=""/>
    <property name="java.vm.specification.name" value="Java Virtual Machine Specification"/>
    <property name="user.dir" value="C:\Users\Samia\Desktop\selauto\TestNGProject"/>
    <property name="java.runtime.version" value="1.8.0_25-b18"/>
    <property name="java.awt.graphicsenv" value="sun.awt.Win32GraphicsEnvironment"/>
    <property name="java.endorsed.dirs" value="C:\Program Files\Java\jre1.8.0_25\lib\endorsed"/>
    <property name="os.arch" value="amd64"/>
    <property name="java.io.tmpdir" value="C:\Users\Samia\AppData\Local\Temp\"/>
    <property name="line.separator" value="
"/>
    <property name="java.vm.specification.vendor" value="Oracle Corporation"/>
    <property name="user.variant" value=""/>
    <property name="os.name" value="Windows 8.1"/>
    <property name="classworlds.conf" value="C:\Users\Samia\workspace\.metadata\.plugins\org.eclipse.m2e.launching\launches\m2conf1480630820158457347.tmp"/>
    <property name="sun.jnu.encoding" value="Cp1252"/>
    <property name="java.library.path" value="C:\Program Files\Java\jre1.8.0_25\bin;C:\Windows\Sun\Java\bin;C:\Windows\system32;C:\Windows;C:/Program Files/Java/jre1.8.0_25/bin/server;C:/Program Files/Java/jre1.8.0_25/bin;C:/Program Files/Java/jre1.8.0_25/lib/amd64;C:\ProgramData\Oracle\Java\javapath;C:\Program Files (x86)\Intel\iCLS Client\;C:\Program Files\Intel\iCLS Client\;C:\Windows\system32;C:\Windows;C:\Windows\System32\Wbem;C:\Windows\System32\WindowsPowerShell\v1.0\;C:\Program Files\Intel\Intel(R) Management Engine Components\DAL;C:\Program Files\Intel\Intel(R) Management Engine Components\IPT;C:\Program Files (x86)\Intel\Intel(R) Management Engine Components\DAL;C:\Program Files (x86)\Intel\Intel(R) Management Engine Components\IPT;C:\Program Files\Acer\Remote Files\;C:\Program Files\Java\jdk1.8.0_25\bin;C:\apache-maven-3.2.5\bin;C:\Users\Samia\Downloads\eclipse-java-luna-SR1a-win32-x86_64\eclipse;;."/>
    <property name="java.specification.name" value="Java Platform API Specification"/>
    <property name="java.class.version" value="52.0"/>
    <property name="sun.management.compiler" value="HotSpot 64-Bit Tiered Compilers"/>
    <property name="os.version" value="6.3"/>
    <property name="user.home" value="C:\Users\Samia"/>
    <property name="user.timezone" value="America/New_York"/>
    <property name="java.awt.printerjob" value="sun.awt.windows.WPrinterJob"/>
    <property name="java.specification.version" value="1.8"/>
    <property name="file.encoding" value="Cp1252"/>
    <property name="user.name" value="Samia"/>
    <property name="java.class.path" value="/C:/Users/Samia/Downloads/eclipse-java-luna-SR1a-win32-x86_64/eclipse/plugins/org.eclipse.m2e.maven.runtime_1.5.0.20140605-2032/jars/plexus-classworlds-2.5.1.jar"/>
    <property name="org.slf4j.simpleLogger.defaultLogLevel" value="info"/>
    <property name="java.vm.specification.version" value="1.8"/>
    <property name="sun.arch.data.model" value="64"/>
    <property name="java.home" value="C:\Program Files\Java\jre1.8.0_25"/>
    <property name="sun.java.command" value="org.codehaus.plexus.classworlds.launcher.Launcher -B test"/>
    <property name="java.specification.vendor" value="Oracle Corporation"/>
    <property name="user.language" value="en"/>
    <property name="awt.toolkit" value="sun.awt.windows.WToolkit"/>
    <property name="java.vm.info" value="mixed mode"/>
    <property name="java.version" value="1.8.0_25"/>
    <property name="java.ext.dirs" value="C:\Program Files\Java\jre1.8.0_25\lib\ext;C:\Windows\Sun\Java\lib\ext"/>
    <property name="sun.boot.class.path" value="C:\Program Files\Java\jre1.8.0_25\lib\resources.jar;C:\Program Files\Java\jre1.8.0_25\lib\rt.jar;C:\Program Files\Java\jre1.8.0_25\lib\sunrsasign.jar;C:\Program Files\Java\jre1.8.0_25\lib\jsse.jar;C:\Program Files\Java\jre1.8.0_25\lib\jce.jar;C:\Program Files\Java\jre1.8.0_25\lib\charsets.jar;C:\Program Files\Java\jre1.8.0_25\lib\jfr.jar;C:\Program Files\Java\jre1.8.0_25\classes"/>
    <property name="java.vendor" value="Oracle Corporation"/>
    <property name="maven.home" value="C:\Users\Samia\Desktop\selauto\TestNGProject\EMBEDDED"/>
    <property name="file.separator" value="\"/>
    <property name="java.vendor.url.bug" value="http://bugreport.sun.com/bugreport/"/>
    <property name="sun.cpu.endian" value="little"/>
    <property name="sun.io.unicode.encoding" value="UnicodeLittle"/>
    <property name="sun.desktop" value="windows"/>
    <property name="sun.cpu.isalist" value="amd64"/>
  </properties>
  <testcase classname="SmokeTest" name="m1" time="49.962">
    <failure message="Failed to connect to binary FirefoxBinary(C:\Program Files (x86)\Mozilla Firefox\firefox.exe) on port 7055; process output follows: 

1427070184281	addons.xpi	INFO	Mapping fxdriver@googlecode.com to C:\Users\Samia\AppData\Local\Temp\anonymous6069289758392781542webdriver-profile\extensions\fxdriver@googlecode.com
1427070184281	addons.xpi	DEBUG	Ignoring file entry whose name is not a valid add-on ID: C:\Users\Samia\AppData\Local\Temp\anonymous6069289758392781542webdriver-profile\extensions\webdriver-staging
1427070184282	addons.xpi	INFO	Mapping {972ce4c6-7e08-4474-a285-3208198ce6fd} to C:\Program Files (x86)\Mozilla Firefox\browser\extensions\{972ce4c6-7e08-4474-a285-3208198ce6fd}
1427070184282	addons.xpi	DEBUG	Skipping unavailable install location app-system-share
1427070184282	addons.xpi	DEBUG	Skipping unavailable install location app-system-local
1427070184282	addons.xpi	INFO	Mapping {4ED1F68A-5463-4931-9384-8FFF5ED91D92} to C:\Program Files (x86)\McAfee\SiteAdvisor
1427070184283	addons.xpi	DEBUG	checkForChanges
1427070184283	addons.xpi	DEBUG	Loaded add-on state from prefs: {&quot;app-profile&quot;:{&quot;fxdriver@googlecode.com&quot;:{&quot;d&quot;:&quot;C:\\Users\\Samia\\AppData\\Local\\Temp\\anonymous6069289758392781542webdriver-profile\\extensions\\fxdriver@googlecode.com&quot;,&quot;e&quot;:true,&quot;v&quot;:&quot;2.44.0&quot;,&quot;st&quot;:1427070180984,&quot;mt&quot;:1427070180950}},&quot;app-global&quot;:{&quot;{972ce4c6-7e08-4474-a285-3208198ce6fd}&quot;:{&quot;d&quot;:&quot;C:\\Program Files (x86)\\Mozilla Firefox\\browser\\extensions\\{972ce4c6-7e08-4474-a285-3208198ce6fd}&quot;,&quot;e&quot;:true,&quot;v&quot;:&quot;36.0.4&quot;,&quot;st&quot;:1427066860608,&quot;mt&quot;:1426913063000}},&quot;winreg-app-global&quot;:{&quot;{4ED1F68A-5463-4931-9384-8FFF5ED91D92}&quot;:{&quot;d&quot;:&quot;C:\\Program Files (x86)\\McAfee\\SiteAdvisor&quot;,&quot;e&quot;:false,&quot;v&quot;:&quot;3.7.2&quot;,&quot;st&quot;:1427062632233,&quot;mt&quot;:1422476714000}}}
1427070184284	addons.xpi	DEBUG	getModTime: Recursive scan of fxdriver@googlecode.com
1427070184293	addons.xpi	DEBUG	getModTime: Recursive scan of {972ce4c6-7e08-4474-a285-3208198ce6fd}
1427070184294	addons.xpi	DEBUG	getInstallState changed: false, state: {&quot;app-profile&quot;:{&quot;fxdriver@googlecode.com&quot;:{&quot;d&quot;:&quot;C:\\Users\\Samia\\AppData\\Local\\Temp\\anonymous6069289758392781542webdriver-profile\\extensions\\fxdriver@googlecode.com&quot;,&quot;e&quot;:true,&quot;v&quot;:&quot;2.44.0&quot;,&quot;st&quot;:1427070180984,&quot;mt&quot;:1427070180950}},&quot;app-global&quot;:{&quot;{972ce4c6-7e08-4474-a285-3208198ce6fd}&quot;:{&quot;d&quot;:&quot;C:\\Program Files (x86)\\Mozilla Firefox\\browser\\extensions\\{972ce4c6-7e08-4474-a285-3208198ce6fd}&quot;,&quot;e&quot;:true,&quot;v&quot;:&quot;36.0.4&quot;,&quot;st&quot;:1427066860608,&quot;mt&quot;:1426913063000}},&quot;winreg-app-global&quot;:{&quot;{4ED1F68A-5463-4931-9384-8FFF5ED91D92}&quot;:{&quot;d&quot;:&quot;C:\\Program Files (x86)\\McAfee\\SiteAdvisor&quot;,&quot;e&quot;:false,&quot;v&quot;:&quot;3.7.2&quot;,&quot;st&quot;:1427062632233,&quot;mt&quot;:1422476714000}}}
1427070184296	addons.xpi	DEBUG	No changes found
1427070184299	addons.manager	DEBUG	Registering shutdown blocker for XPIProvider
1427070184299	addons.manager	DEBUG	Registering shutdown blocker for LightweightThemeManager
1427070184300	addons.manager	DEBUG	Registering shutdown blocker for OpenH264Provider
1427070184301	addons.manager	DEBUG	Registering shutdown blocker for PluginProvider
JavaScript error: file:///C:/Users/Samia/AppData/Local/Temp/anonymous6069289758392781542webdriver-profile/extensions/fxdriver@googlecode.com/components/driver-component.js, line 11487: TypeError: this.server_ is undefined
JavaScript error: chrome://fxdriver/content/server.js, line 38: NS_ERROR_XPC_CI_RETURNED_FAILURE: Component returned failure code: 0x80570015 (NS_ERROR_XPC_CI_RETURNED_FAILURE) [nsIJSCID.createInstance]
*** Blocklist::_preloadBlocklistFile: blocklist is disabled
1427070185496	addons.manager	DEBUG	Registering shutdown blocker for &lt;unnamed-provider&gt;
1427070194303	addons.manager	DEBUG	shutdown
1427070194304	addons.manager	DEBUG	Calling shutdown blocker for XPIProvider
1427070194304	addons.xpi	DEBUG	shutdown
1427070194304	addons.xpi	DEBUG	Notifying XPI shutdown observers
1427070194305	addons.manager	DEBUG	Calling shutdown blocker for LightweightThemeManager
1427070194305	addons.manager	DEBUG	Calling shutdown blocker for OpenH264Provider
1427070194306	addons.manager	DEBUG	Calling shutdown blocker for PluginProvider
1427070194307	addons.manager	DEBUG	Calling shutdown blocker for &lt;unnamed-provider&gt;
1427070194310	addons.manager	DEBUG	Async provider shutdown done

Build info: version: &apos;2.44.0&apos;, revision: &apos;76d78cf323ce037c5f92db6c1bba601c2ac43ad8&apos;, time: &apos;2014-10-23 13:11:40&apos;
System info: host: &apos;Samia&apos;, ip: &apos;192.168.1.12&apos;, os.name: &apos;Windows 8.1&apos;, os.arch: &apos;amd64&apos;, os.version: &apos;6.3&apos;, java.version: &apos;1.8.0_25&apos;
Driver info: driver.version: FirefoxDriver" type="org.openqa.selenium.WebDriverException">org.openqa.selenium.WebDriverException: Failed to connect to binary FirefoxBinary(C:\Program Files (x86)\Mozilla Firefox\firefox.exe) on port 7055; process output follows: 
1427070184281	addons.xpi	INFO	Mapping fxdriver@googlecode.com to C:\Users\Samia\AppData\Local\Temp\anonymous6069289758392781542webdriver-profile\extensions\fxdriver@googlecode.com
1427070184281	addons.xpi	DEBUG	Ignoring file entry whose name is not a valid add-on ID: C:\Users\Samia\AppData\Local\Temp\anonymous6069289758392781542webdriver-profile\extensions\webdriver-staging
1427070184282	addons.xpi	INFO	Mapping {972ce4c6-7e08-4474-a285-3208198ce6fd} to C:\Program Files (x86)\Mozilla Firefox\browser\extensions\{972ce4c6-7e08-4474-a285-3208198ce6fd}
1427070184282	addons.xpi	DEBUG	Skipping unavailable install location app-system-share
1427070184282	addons.xpi	DEBUG	Skipping unavailable install location app-system-local
1427070184282	addons.xpi	INFO	Mapping {4ED1F68A-5463-4931-9384-8FFF5ED91D92} to C:\Program Files (x86)\McAfee\SiteAdvisor
1427070184283	addons.xpi	DEBUG	checkForChanges
1427070184283	addons.xpi	DEBUG	Loaded add-on state from prefs: {&quot;app-profile&quot;:{&quot;fxdriver@googlecode.com&quot;:{&quot;d&quot;:&quot;C:\\Users\\Samia\\AppData\\Local\\Temp\\anonymous6069289758392781542webdriver-profile\\extensions\\fxdriver@googlecode.com&quot;,&quot;e&quot;:true,&quot;v&quot;:&quot;2.44.0&quot;,&quot;st&quot;:1427070180984,&quot;mt&quot;:1427070180950}},&quot;app-global&quot;:{&quot;{972ce4c6-7e08-4474-a285-3208198ce6fd}&quot;:{&quot;d&quot;:&quot;C:\\Program Files (x86)\\Mozilla Firefox\\browser\\extensions\\{972ce4c6-7e08-4474-a285-3208198ce6fd}&quot;,&quot;e&quot;:true,&quot;v&quot;:&quot;36.0.4&quot;,&quot;st&quot;:1427066860608,&quot;mt&quot;:1426913063000}},&quot;winreg-app-global&quot;:{&quot;{4ED1F68A-5463-4931-9384-8FFF5ED91D92}&quot;:{&quot;d&quot;:&quot;C:\\Program Files (x86)\\McAfee\\SiteAdvisor&quot;,&quot;e&quot;:false,&quot;v&quot;:&quot;3.7.2&quot;,&quot;st&quot;:1427062632233,&quot;mt&quot;:1422476714000}}}
1427070184284	addons.xpi	DEBUG	getModTime: Recursive scan of fxdriver@googlecode.com
1427070184293	addons.xpi	DEBUG	getModTime: Recursive scan of {972ce4c6-7e08-4474-a285-3208198ce6fd}
1427070184294	addons.xpi	DEBUG	getInstallState changed: false, state: {&quot;app-profile&quot;:{&quot;fxdriver@googlecode.com&quot;:{&quot;d&quot;:&quot;C:\\Users\\Samia\\AppData\\Local\\Temp\\anonymous6069289758392781542webdriver-profile\\extensions\\fxdriver@googlecode.com&quot;,&quot;e&quot;:true,&quot;v&quot;:&quot;2.44.0&quot;,&quot;st&quot;:1427070180984,&quot;mt&quot;:1427070180950}},&quot;app-global&quot;:{&quot;{972ce4c6-7e08-4474-a285-3208198ce6fd}&quot;:{&quot;d&quot;:&quot;C:\\Program Files (x86)\\Mozilla Firefox\\browser\\extensions\\{972ce4c6-7e08-4474-a285-3208198ce6fd}&quot;,&quot;e&quot;:true,&quot;v&quot;:&quot;36.0.4&quot;,&quot;st&quot;:1427066860608,&quot;mt&quot;:1426913063000}},&quot;winreg-app-global&quot;:{&quot;{4ED1F68A-5463-4931-9384-8FFF5ED91D92}&quot;:{&quot;d&quot;:&quot;C:\\Program Files (x86)\\McAfee\\SiteAdvisor&quot;,&quot;e&quot;:false,&quot;v&quot;:&quot;3.7.2&quot;,&quot;st&quot;:1427062632233,&quot;mt&quot;:1422476714000}}}
1427070184296	addons.xpi	DEBUG	No changes found
1427070184299	addons.manager	DEBUG	Registering shutdown blocker for XPIProvider
1427070184299	addons.manager	DEBUG	Registering shutdown blocker for LightweightThemeManager
1427070184300	addons.manager	DEBUG	Registering shutdown blocker for OpenH264Provider
1427070184301	addons.manager	DEBUG	Registering shutdown blocker for PluginProvider
JavaScript error: file:///C:/Users/Samia/AppData/Local/Temp/anonymous6069289758392781542webdriver-profile/extensions/fxdriver@googlecode.com/components/driver-component.js, line 11487: TypeError: this.server_ is undefined
JavaScript error: chrome://fxdriver/content/server.js, line 38: NS_ERROR_XPC_CI_RETURNED_FAILURE: Component returned failure code: 0x80570015 (NS_ERROR_XPC_CI_RETURNED_FAILURE) [nsIJSCID.createInstance]
*** Blocklist::_preloadBlocklistFile: blocklist is disabled
1427070185496	addons.manager	DEBUG	Registering shutdown blocker for &lt;unnamed-provider&gt;
1427070194303	addons.manager	DEBUG	shutdown
1427070194304	addons.manager	DEBUG	Calling shutdown blocker for XPIProvider
1427070194304	addons.xpi	DEBUG	shutdown
1427070194304	addons.xpi	DEBUG	Notifying XPI shutdown observers
1427070194305	addons.manager	DEBUG	Calling shutdown blocker for LightweightThemeManager
1427070194305	addons.manager	DEBUG	Calling shutdown blocker for OpenH264Provider
1427070194306	addons.manager	DEBUG	Calling shutdown blocker for PluginProvider
1427070194307	addons.manager	DEBUG	Calling shutdown blocker for &lt;unnamed-provider&gt;
1427070194310	addons.manager	DEBUG	Async provider shutdown done
Build info: version: &apos;2.44.0&apos;, revision: &apos;76d78cf323ce037c5f92db6c1bba601c2ac43ad8&apos;, time: &apos;2014-10-23 13:11:40&apos;
System info: host: &apos;Samia&apos;, ip: &apos;192.168.1.12&apos;, os.name: &apos;Windows 8.1&apos;, os.arch: &apos;amd64&apos;, os.version: &apos;6.3&apos;, java.version: &apos;1.8.0_25&apos;
Driver info: driver.version: FirefoxDriver
	at org.openqa.selenium.firefox.internal.NewProfileExtensionConnection.start(NewProfileExtensionConnection.java:130)
	at org.openqa.selenium.firefox.FirefoxDriver.startClient(FirefoxDriver.java:246)
	at org.openqa.selenium.remote.RemoteWebDriver.&lt;init&gt;(RemoteWebDriver.java:114)
	at org.openqa.selenium.firefox.FirefoxDriver.&lt;init&gt;(FirefoxDriver.java:191)
	at org.openqa.selenium.firefox.FirefoxDriver.&lt;init&gt;(FirefoxDriver.java:186)
	at org.openqa.selenium.firefox.FirefoxDriver.&lt;init&gt;(FirefoxDriver.java:182)
	at org.openqa.selenium.firefox.FirefoxDriver.&lt;init&gt;(FirefoxDriver.java:95)
	at BrowserOpen.start(BrowserOpen.java:13)
	at BaseTest.m1(BaseTest.java:15)
	at sun.reflect.NativeMethodAccessorImpl.invoke0(Native Method)
	at sun.reflect.NativeMethodAccessorImpl.invoke(Unknown Source)
	at sun.reflect.DelegatingMethodAccessorImpl.invoke(Unknown Source)
	at java.lang.reflect.Method.invoke(Unknown Source)
	at org.testng.internal.MethodInvocationHelper.invokeMethod(MethodInvocationHelper.java:85)
	at org.testng.internal.Invoker.invokeConfigurationMethod(Invoker.java:552)
	at org.testng.internal.Invoker.invokeConfigurations(Invoker.java:215)
	at org.testng.internal.Invoker.invokeConfigurations(Invoker.java:140)
	at org.testng.internal.TestMethodWorker.invokeBeforeClassMethods(TestMethodWorker.java:170)
	at org.testng.internal.TestMethodWorker.run(TestMethodWorker.java:104)
	at org.testng.TestRunner.privateRun(TestRunner.java:767)
	at org.testng.TestRunner.run(TestRunner.java:617)
	at org.testng.SuiteRunner.runTest(SuiteRunner.java:348)
	at org.testng.SuiteRunner.runSequentially(SuiteRunner.java:343)
	at org.testng.SuiteRunner.privateRun(SuiteRunner.java:305)
	at org.testng.SuiteRunner.run(SuiteRunner.java:254)
	at org.testng.SuiteRunnerWorker.runSuite(SuiteRunnerWorker.java:52)
	at org.testng.SuiteRunnerWorker.run(SuiteRunnerWorker.java:86)
	at org.testng.TestNG.runSuitesSequentially(TestNG.java:1224)
	at org.testng.TestNG.runSuitesLocally(TestNG.java:1149)
	at org.testng.TestNG.run(TestNG.java:1057)
	at org.apache.maven.surefire.testng.TestNGExecutor.run(TestNGExecutor.java:77)
	at org.apache.maven.surefire.testng.TestNGDirectoryTestSuite.executeMulti(TestNGDirectoryTestSuite.java:159)
	at org.apache.maven.surefire.testng.TestNGDirectoryTestSuite.execute(TestNGDirectoryTestSuite.java:99)
	at org.apache.maven.surefire.testng.TestNGProvider.invoke(TestNGProvider.java:106)
	at sun.reflect.NativeMethodAccessorImpl.invoke0(Native Method)
	at sun.reflect.NativeMethodAccessorImpl.invoke(Unknown Source)
	at sun.reflect.DelegatingMethodAccessorImpl.invoke(Unknown Source)
	at java.lang.reflect.Method.invoke(Unknown Source)
	at org.apache.maven.surefire.util.ReflectionUtils.invokeMethodWithArray(ReflectionUtils.java:189)
	at org.apache.maven.surefire.booter.ProviderFactory$ProviderProxy.invoke(ProviderFactory.java:165)
	at org.apache.maven.surefire.booter.ProviderFactory.invokeProvider(ProviderFactory.java:85)
	at org.apache.maven.surefire.booter.ForkedBooter.runSuitesInProcess(ForkedBooter.java:115)
	at org.apache.maven.surefire.booter.ForkedBooter.main(ForkedBooter.java:75)
Caused by: org.openqa.selenium.firefox.NotConnectedException: Unable to connect to host 127.0.0.1 on port 7055 after 45000 ms. Firefox console output:
1427070184281	addons.xpi	INFO	Mapping fxdriver@googlecode.com to C:\Users\Samia\AppData\Local\Temp\anonymous6069289758392781542webdriver-profile\extensions\fxdriver@googlecode.com
1427070184281	addons.xpi	DEBUG	Ignoring file entry whose name is not a valid add-on ID: C:\Users\Samia\AppData\Local\Temp\anonymous6069289758392781542webdriver-profile\extensions\webdriver-staging
1427070184282	addons.xpi	INFO	Mapping {972ce4c6-7e08-4474-a285-3208198ce6fd} to C:\Program Files (x86)\Mozilla Firefox\browser\extensions\{972ce4c6-7e08-4474-a285-3208198ce6fd}
1427070184282	addons.xpi	DEBUG	Skipping unavailable install location app-system-share
1427070184282	addons.xpi	DEBUG	Skipping unavailable install location app-system-local
1427070184282	addons.xpi	INFO	Mapping {4ED1F68A-5463-4931-9384-8FFF5ED91D92} to C:\Program Files (x86)\McAfee\SiteAdvisor
1427070184283	addons.xpi	DEBUG	checkForChanges
1427070184283	addons.xpi	DEBUG	Loaded add-on state from prefs: {&quot;app-profile&quot;:{&quot;fxdriver@googlecode.com&quot;:{&quot;d&quot;:&quot;C:\\Users\\Samia\\AppData\\Local\\Temp\\anonymous6069289758392781542webdriver-profile\\extensions\\fxdriver@googlecode.com&quot;,&quot;e&quot;:true,&quot;v&quot;:&quot;2.44.0&quot;,&quot;st&quot;:1427070180984,&quot;mt&quot;:1427070180950}},&quot;app-global&quot;:{&quot;{972ce4c6-7e08-4474-a285-3208198ce6fd}&quot;:{&quot;d&quot;:&quot;C:\\Program Files (x86)\\Mozilla Firefox\\browser\\extensions\\{972ce4c6-7e08-4474-a285-3208198ce6fd}&quot;,&quot;e&quot;:true,&quot;v&quot;:&quot;36.0.4&quot;,&quot;st&quot;:1427066860608,&quot;mt&quot;:1426913063000}},&quot;winreg-app-global&quot;:{&quot;{4ED1F68A-5463-4931-9384-8FFF5ED91D92}&quot;:{&quot;d&quot;:&quot;C:\\Program Files (x86)\\McAfee\\SiteAdvisor&quot;,&quot;e&quot;:false,&quot;v&quot;:&quot;3.7.2&quot;,&quot;st&quot;:1427062632233,&quot;mt&quot;:1422476714000}}}
1427070184284	addons.xpi	DEBUG	getModTime: Recursive scan of fxdriver@googlecode.com
1427070184293	addons.xpi	DEBUG	getModTime: Recursive scan of {972ce4c6-7e08-4474-a285-3208198ce6fd}
1427070184294	addons.xpi	DEBUG	getInstallState changed: false, state: {&quot;app-profile&quot;:{&quot;fxdriver@googlecode.com&quot;:{&quot;d&quot;:&quot;C:\\Users\\Samia\\AppData\\Local\\Temp\\anonymous6069289758392781542webdriver-profile\\extensions\\fxdriver@googlecode.com&quot;,&quot;e&quot;:true,&quot;v&quot;:&quot;2.44.0&quot;,&quot;st&quot;:1427070180984,&quot;mt&quot;:1427070180950}},&quot;app-global&quot;:{&quot;{972ce4c6-7e08-4474-a285-3208198ce6fd}&quot;:{&quot;d&quot;:&quot;C:\\Program Files (x86)\\Mozilla Firefox\\browser\\extensions\\{972ce4c6-7e08-4474-a285-3208198ce6fd}&quot;,&quot;e&quot;:true,&quot;v&quot;:&quot;36.0.4&quot;,&quot;st&quot;:1427066860608,&quot;mt&quot;:1426913063000}},&quot;winreg-app-global&quot;:{&quot;{4ED1F68A-5463-4931-9384-8FFF5ED91D92}&quot;:{&quot;d&quot;:&quot;C:\\Program Files (x86)\\McAfee\\SiteAdvisor&quot;,&quot;e&quot;:false,&quot;v&quot;:&quot;3.7.2&quot;,&quot;st&quot;:1427062632233,&quot;mt&quot;:1422476714000}}}
1427070184296	addons.xpi	DEBUG	No changes found
1427070184299	addons.manager	DEBUG	Registering shutdown blocker for XPIProvider
1427070184299	addons.manager	DEBUG	Registering shutdown blocker for LightweightThemeManager
1427070184300	addons.manager	DEBUG	Registering shutdown blocker for OpenH264Provider
1427070184301	addons.manager	DEBUG	Registering shutdown blocker for PluginProvider
JavaScript error: file:///C:/Users/Samia/AppData/Local/Temp/anonymous6069289758392781542webdriver-profile/extensions/fxdriver@googlecode.com/components/driver-component.js, line 11487: TypeError: this.server_ is undefined
JavaScript error: chrome://fxdriver/content/server.js, line 38: NS_ERROR_XPC_CI_RETURNED_FAILURE: Component returned failure code: 0x80570015 (NS_ERROR_XPC_CI_RETURNED_FAILURE) [nsIJSCID.createInstance]
*** Blocklist::_preloadBlocklistFile: blocklist is disabled
1427070185496	addons.manager	DEBUG	Registering shutdown blocker for &lt;unnamed-provider&gt;
1427070194303	addons.manager	DEBUG	shutdown
1427070194304	addons.manager	DEBUG	Calling shutdown blocker for XPIProvider
1427070194304	addons.xpi	DEBUG	shutdown
1427070194304	addons.xpi	DEBUG	Notifying XPI shutdown observers
1427070194305	addons.manager	DEBUG	Calling shutdown blocker for LightweightThemeManager
1427070194305	addons.manager	DEBUG	Calling shutdown blocker for OpenH264Provider
1427070194306	addons.manager	DEBUG	Calling shutdown blocker for PluginProvider
1427070194307	addons.manager	DEBUG	Calling shutdown blocker for &lt;unnamed-provider&gt;
1427070194310	addons.manager	DEBUG	Async provider shutdown done

	at org.openqa.selenium.firefox.internal.NewProfileExtensionConnection.start(NewProfileExtensionConnection.java:118)
	... 42 more
Caused by: org.openqa.selenium.firefox.NotConnectedException: Unable to connect to host 127.0.0.1 on port 7055 after 45000 ms. Firefox console output:
1427070184281	addons.xpi	INFO	Mapping fxdriver@googlecode.com to C:\Users\Samia\AppData\Local\Temp\anonymous6069289758392781542webdriver-profile\extensions\fxdriver@googlecode.com
1427070184281	addons.xpi	DEBUG	Ignoring file entry whose name is not a valid add-on ID: C:\Users\Samia\AppData\Local\Temp\anonymous6069289758392781542webdriver-profile\extensions\webdriver-staging
1427070184282	addons.xpi	INFO	Mapping {972ce4c6-7e08-4474-a285-3208198ce6fd} to C:\Program Files (x86)\Mozilla Firefox\browser\extensions\{972ce4c6-7e08-4474-a285-3208198ce6fd}
1427070184282	addons.xpi	DEBUG	Skipping unavailable install location app-system-share
1427070184282	addons.xpi	DEBUG	Skipping unavailable install location app-system-local
1427070184282	addons.xpi	INFO	Mapping {4ED1F68A-5463-4931-9384-8FFF5ED91D92} to C:\Program Files (x86)\McAfee\SiteAdvisor
1427070184283	addons.xpi	DEBUG	checkForChanges
1427070184283	addons.xpi	DEBUG	Loaded add-on state from prefs: {&quot;app-profile&quot;:{&quot;fxdriver@googlecode.com&quot;:{&quot;d&quot;:&quot;C:\\Users\\Samia\\AppData\\Local\\Temp\\anonymous6069289758392781542webdriver-profile\\extensions\\fxdriver@googlecode.com&quot;,&quot;e&quot;:true,&quot;v&quot;:&quot;2.44.0&quot;,&quot;st&quot;:1427070180984,&quot;mt&quot;:1427070180950}},&quot;app-global&quot;:{&quot;{972ce4c6-7e08-4474-a285-3208198ce6fd}&quot;:{&quot;d&quot;:&quot;C:\\Program Files (x86)\\Mozilla Firefox\\browser\\extensions\\{972ce4c6-7e08-4474-a285-3208198ce6fd}&quot;,&quot;e&quot;:true,&quot;v&quot;:&quot;36.0.4&quot;,&quot;st&quot;:1427066860608,&quot;mt&quot;:1426913063000}},&quot;winreg-app-global&quot;:{&quot;{4ED1F68A-5463-4931-9384-8FFF5ED91D92}&quot;:{&quot;d&quot;:&quot;C:\\Program Files (x86)\\McAfee\\SiteAdvisor&quot;,&quot;e&quot;:false,&quot;v&quot;:&quot;3.7.2&quot;,&quot;st&quot;:1427062632233,&quot;mt&quot;:1422476714000}}}
1427070184284	addons.xpi	DEBUG	getModTime: Recursive scan of fxdriver@googlecode.com
1427070184293	addons.xpi	DEBUG	getModTime: Recursive scan of {972ce4c6-7e08-4474-a285-3208198ce6fd}
1427070184294	addons.xpi	DEBUG	getInstallState changed: false, state: {&quot;app-profile&quot;:{&quot;fxdriver@googlecode.com&quot;:{&quot;d&quot;:&quot;C:\\Users\\Samia\\AppData\\Local\\Temp\\anonymous6069289758392781542webdriver-profile\\extensions\\fxdriver@googlecode.com&quot;,&quot;e&quot;:true,&quot;v&quot;:&quot;2.44.0&quot;,&quot;st&quot;:1427070180984,&quot;mt&quot;:1427070180950}},&quot;app-global&quot;:{&quot;{972ce4c6-7e08-4474-a285-3208198ce6fd}&quot;:{&quot;d&quot;:&quot;C:\\Program Files (x86)\\Mozilla Firefox\\browser\\extensions\\{972ce4c6-7e08-4474-a285-3208198ce6fd}&quot;,&quot;e&quot;:true,&quot;v&quot;:&quot;36.0.4&quot;,&quot;st&quot;:1427066860608,&quot;mt&quot;:1426913063000}},&quot;winreg-app-global&quot;:{&quot;{4ED1F68A-5463-4931-9384-8FFF5ED91D92}&quot;:{&quot;d&quot;:&quot;C:\\Program Files (x86)\\McAfee\\SiteAdvisor&quot;,&quot;e&quot;:false,&quot;v&quot;:&quot;3.7.2&quot;,&quot;st&quot;:1427062632233,&quot;mt&quot;:1422476714000}}}
1427070184296	addons.xpi	DEBUG	No changes found
1427070184299	addons.manager	DEBUG	Registering shutdown blocker for XPIProvider
1427070184299	addons.manager	DEBUG	Registering shutdown blocker for LightweightThemeManager
1427070184300	addons.manager	DEBUG	Registering shutdown blocker for OpenH264Provider
1427070184301	addons.manager	DEBUG	Registering shutdown blocker for PluginProvider
JavaScript error: file:///C:/Users/Samia/AppData/Local/Temp/anonymous6069289758392781542webdriver-profile/extensions/fxdriver@googlecode.com/components/driver-component.js, line 11487: TypeError: this.server_ is undefined
JavaScript error: chrome://fxdriver/content/server.js, line 38: NS_ERROR_XPC_CI_RETURNED_FAILURE: Component returned failure code: 0x80570015 (NS_ERROR_XPC_CI_RETURNED_FAILURE) [nsIJSCID.createInstance]
*** Blocklist::_preloadBlocklistFile: blocklist is disabled
1427070185496	addons.manager	DEBUG	Registering shutdown blocker for &lt;unnamed-provider&gt;
1427070194303	addons.manager	DEBUG	shutdown
1427070194304	addons.manager	DEBUG	Calling shutdown blocker for XPIProvider
1427070194304	addons.xpi	DEBUG	shutdown
1427070194304	addons.xpi	DEBUG	Notifying XPI shutdown observers
1427070194305	addons.manager	DEBUG	Calling shutdown blocker for LightweightThemeManager
1427070194305	addons.manager	DEBUG	Calling shutdown blocker for OpenH264Provider
1427070194306	addons.manager	DEBUG	Calling shutdown blocker for PluginProvider
1427070194307	addons.manager	DEBUG	Calling shutdown blocker for &lt;unnamed-provider&gt;
1427070194310	addons.manager	DEBUG	Async provider shutdown done

	at org.openqa.selenium.firefox.internal.NewProfileExtensionConnection.start(NewProfileExtensionConnection.java:118)
	... 42 more
</failure>
    <system-out>Configuring TestNG with: org.apache.maven.surefire.testng.conf.TestNG652Configurator@383534aa
</system-out>
    <system-err>org.openqa.selenium.firefox.NotConnectedException: Unable to connect to host 127.0.0.1 on port 7055 after 45000 ms. Firefox console output:

1427070184281	addons.xpi	INFO	Mapping fxdriver@googlecode.com to C:\Users\Samia\AppData\Local\Temp\anonymous6069289758392781542webdriver-profile\extensions\fxdriver@googlecode.com
1427070184281	addons.xpi	DEBUG	Ignoring file entry whose name is not a valid add-on ID: C:\Users\Samia\AppData\Local\Temp\anonymous6069289758392781542webdriver-profile\extensions\webdriver-staging
1427070184282	addons.xpi	INFO	Mapping {972ce4c6-7e08-4474-a285-3208198ce6fd} to C:\Program Files (x86)\Mozilla Firefox\browser\extensions\{972ce4c6-7e08-4474-a285-3208198ce6fd}
1427070184282	addons.xpi	DEBUG	Skipping unavailable install location app-system-share
1427070184282	addons.xpi	DEBUG	Skipping unavailable install location app-system-local
1427070184282	addons.xpi	INFO	Mapping {4ED1F68A-5463-4931-9384-8FFF5ED91D92} to C:\Program Files (x86)\McAfee\SiteAdvisor
1427070184283	addons.xpi	DEBUG	checkForChanges
1427070184283	addons.xpi	DEBUG	Loaded add-on state from prefs: {&quot;app-profile&quot;:{&quot;fxdriver@googlecode.com&quot;:{&quot;d&quot;:&quot;C:\\Users\\Samia\\AppData\\Local\\Temp\\anonymous6069289758392781542webdriver-profile\\extensions\\fxdriver@googlecode.com&quot;,&quot;e&quot;:true,&quot;v&quot;:&quot;2.44.0&quot;,&quot;st&quot;:1427070180984,&quot;mt&quot;:1427070180950}},&quot;app-global&quot;:{&quot;{972ce4c6-7e08-4474-a285-3208198ce6fd}&quot;:{&quot;d&quot;:&quot;C:\\Program Files (x86)\\Mozilla Firefox\\browser\\extensions\\{972ce4c6-7e08-4474-a285-3208198ce6fd}&quot;,&quot;e&quot;:true,&quot;v&quot;:&quot;36.0.4&quot;,&quot;st&quot;:1427066860608,&quot;mt&quot;:1426913063000}},&quot;winreg-app-global&quot;:{&quot;{4ED1F68A-5463-4931-9384-8FFF5ED91D92}&quot;:{&quot;d&quot;:&quot;C:\\Program Files (x86)\\McAfee\\SiteAdvisor&quot;,&quot;e&quot;:false,&quot;v&quot;:&quot;3.7.2&quot;,&quot;st&quot;:1427062632233,&quot;mt&quot;:1422476714000}}}
1427070184284	addons.xpi	DEBUG	getModTime: Recursive scan of fxdriver@googlecode.com
1427070184293	addons.xpi	DEBUG	getModTime: Recursive scan of {972ce4c6-7e08-4474-a285-3208198ce6fd}
1427070184294	addons.xpi	DEBUG	getInstallState changed: false, state: {&quot;app-profile&quot;:{&quot;fxdriver@googlecode.com&quot;:{&quot;d&quot;:&quot;C:\\Users\\Samia\\AppData\\Local\\Temp\\anonymous6069289758392781542webdriver-profile\\extensions\\fxdriver@googlecode.com&quot;,&quot;e&quot;:true,&quot;v&quot;:&quot;2.44.0&quot;,&quot;st&quot;:1427070180984,&quot;mt&quot;:1427070180950}},&quot;app-global&quot;:{&quot;{972ce4c6-7e08-4474-a285-3208198ce6fd}&quot;:{&quot;d&quot;:&quot;C:\\Program Files (x86)\\Mozilla Firefox\\browser\\extensions\\{972ce4c6-7e08-4474-a285-3208198ce6fd}&quot;,&quot;e&quot;:true,&quot;v&quot;:&quot;36.0.4&quot;,&quot;st&quot;:1427066860608,&quot;mt&quot;:1426913063000}},&quot;winreg-app-global&quot;:{&quot;{4ED1F68A-5463-4931-9384-8FFF5ED91D92}&quot;:{&quot;d&quot;:&quot;C:\\Program Files (x86)\\McAfee\\SiteAdvisor&quot;,&quot;e&quot;:false,&quot;v&quot;:&quot;3.7.2&quot;,&quot;st&quot;:1427062632233,&quot;mt&quot;:1422476714000}}}
1427070184296	addons.xpi	DEBUG	No changes found
1427070184299	addons.manager	DEBUG	Registering shutdown blocker for XPIProvider
1427070184299	addons.manager	DEBUG	Registering shutdown blocker for LightweightThemeManager
1427070184300	addons.manager	DEBUG	Registering shutdown blocker for OpenH264Provider
1427070184301	addons.manager	DEBUG	Registering shutdown blocker for PluginProvider
JavaScript error: file:///C:/Users/Samia/AppData/Local/Temp/anonymous6069289758392781542webdriver-profile/extensions/fxdriver@googlecode.com/components/driver-component.js, line 11487: TypeError: this.server_ is undefined
JavaScript error: chrome://fxdriver/content/server.js, line 38: NS_ERROR_XPC_CI_RETURNED_FAILURE: Component returned failure code: 0x80570015 (NS_ERROR_XPC_CI_RETURNED_FAILURE) [nsIJSCID.createInstance]
*** Blocklist::_preloadBlocklistFile: blocklist is disabled
1427070185496	addons.manager	DEBUG	Registering shutdown blocker for &lt;unnamed-provider&gt;
1427070194303	addons.manager	DEBUG	shutdown
1427070194304	addons.manager	DEBUG	Calling shutdown blocker for XPIProvider
1427070194304	addons.xpi	DEBUG	shutdown
1427070194304	addons.xpi	DEBUG	Notifying XPI shutdown observers
1427070194305	addons.manager	DEBUG	Calling shutdown blocker for LightweightThemeManager
1427070194305	addons.manager	DEBUG	Calling shutdown blocker for OpenH264Provider
1427070194306	addons.manager	DEBUG	Calling shutdown blocker for PluginProvider
1427070194307	addons.manager	DEBUG	Calling shutdown blocker for &lt;unnamed-provider&gt;
1427070194310	addons.manager	DEBUG	Async provider shutdown done

	at org.openqa.selenium.firefox.internal.NewProfileExtensionConnection.start(NewProfileExtensionConnection.java:118)
	at org.openqa.selenium.firefox.FirefoxDriver.startClient(FirefoxDriver.java:246)
	at org.openqa.selenium.remote.RemoteWebDriver.&lt;init&gt;(RemoteWebDriver.java:114)
	at org.openqa.selenium.firefox.FirefoxDriver.&lt;init&gt;(FirefoxDriver.java:191)
	at org.openqa.selenium.firefox.FirefoxDriver.&lt;init&gt;(FirefoxDriver.java:186)
	at org.openqa.selenium.firefox.FirefoxDriver.&lt;init&gt;(FirefoxDriver.java:182)
	at org.openqa.selenium.firefox.FirefoxDriver.&lt;init&gt;(FirefoxDriver.java:95)
	at BrowserOpen.start(BrowserOpen.java:13)
	at BaseTest.m1(BaseTest.java:15)
	at sun.reflect.NativeMethodAccessorImpl.invoke0(Native Method)
	at sun.reflect.NativeMethodAccessorImpl.invoke(Unknown Source)
	at sun.reflect.DelegatingMethodAccessorImpl.invoke(Unknown Source)
	at java.lang.reflect.Method.invoke(Unknown Source)
	at org.testng.internal.MethodInvocationHelper.invokeMethod(MethodInvocationHelper.java:85)
	at org.testng.internal.Invoker.invokeConfigurationMethod(Invoker.java:552)
	at org.testng.internal.Invoker.invokeConfigurations(Invoker.java:215)
	at org.testng.internal.Invoker.invokeConfigurations(Invoker.java:140)
	at org.testng.internal.TestMethodWorker.invokeBeforeClassMethods(TestMethodWorker.java:170)
	at org.testng.internal.TestMethodWorker.run(TestMethodWorker.java:104)
	at org.testng.TestRunner.privateRun(TestRunner.java:767)
	at org.testng.TestRunner.run(TestRunner.java:617)
	at org.testng.SuiteRunner.runTest(SuiteRunner.java:348)
	at org.testng.SuiteRunner.runSequentially(SuiteRunner.java:343)
	at org.testng.SuiteRunner.privateRun(SuiteRunner.java:305)
	at org.testng.SuiteRunner.run(SuiteRunner.java:254)
	at org.testng.SuiteRunnerWorker.runSuite(SuiteRunnerWorker.java:52)
	at org.testng.SuiteRunnerWorker.run(SuiteRunnerWorker.java:86)
	at org.testng.TestNG.runSuitesSequentially(TestNG.java:1224)
	at org.testng.TestNG.runSuitesLocally(TestNG.java:1149)
	at org.testng.TestNG.run(TestNG.java:1057)
	at org.apache.maven.surefire.testng.TestNGExecutor.run(TestNGExecutor.java:77)
	at org.apache.maven.surefire.testng.TestNGDirectoryTestSuite.executeMulti(TestNGDirectoryTestSuite.java:159)
	at org.apache.maven.surefire.testng.TestNGDirectoryTestSuite.execute(TestNGDirectoryTestSuite.java:99)
	at org.apache.maven.surefire.testng.TestNGProvider.invoke(TestNGProvider.java:106)
	at sun.reflect.NativeMethodAccessorImpl.invoke0(Native Method)
	at sun.reflect.NativeMethodAccessorImpl.invoke(Unknown Source)
	at sun.reflect.DelegatingMethodAccessorImpl.invoke(Unknown Source)
	at java.lang.reflect.Method.invoke(Unknown Source)
	at org.apache.maven.surefire.util.ReflectionUtils.invokeMethodWithArray(ReflectionUtils.java:189)
	at org.apache.maven.surefire.booter.ProviderFactory$ProviderProxy.invoke(ProviderFactory.java:165)
	at org.apache.maven.surefire.booter.ProviderFactory.invokeProvider(ProviderFactory.java:85)
	at org.apache.maven.surefire.booter.ForkedBooter.runSuitesInProcess(ForkedBooter.java:115)
	at org.apache.maven.surefire.booter.ForkedBooter.main(ForkedBooter.java:75)
</system-err>
  </testcase>
  <testcase classname="SmokeTest" name="logIn" time="0">
    <skipped/>
  </testcase>
  <testcase classname="SmokeTest" name="logIn" time="0">
    <skipped/>
  </testcase>
  <testcase classname="SmokeTest" name="m2" time="0.001">
    <skipped/>
  </testcase>
</testsuite>